INFO    : Since no target was supplied, we will use "web".

INFO    : Building target web
INFO    : Generating any needed assets.
INFO    : Finished generating assets.

INFO    : Preparing to build into /Users/pstaab/Documents/courses/math4400/linear-optimization-book/output/web.
INFO    : discovering source file's directory name: /Users/pstaab/Documents/courses/math4400/linear-optimization-book/source
INFO    : verifying and expanding input directory: /Users/pstaab/Documents/courses/math4400/linear-optimization-book/source/../generated-assets
INFO    : input directory expanded to absolute path: /Users/pstaab/Documents/courses/math4400/linear-optimization-book/generated-assets
INFO    : verifying and expanding input directory: /Users/pstaab/Documents/courses/math4400/linear-optimization-book/source/../assets
INFO    : input directory expanded to absolute path: /Users/pstaab/Documents/courses/math4400/linear-optimization-book/assets
INFO    : Downloading rs services file from https://runestone.academy/cdn/runestone/latest/webpack_static_imports.xml.
INFO    : Runestone Services via online CDN query: version 7.5.9
INFO    : Downloading Runestone Services, version 7.5.9
INFO    : Extracting Runestone Services from archive file
INFO    : XSL conversion of /Users/pstaab/Documents/courses/math4400/linear-optimization-book/source/main.ptx by /Users/pstaab/.ptx/2.14.0/core/xsl/utilities/report-publisher-variables.xsl
INFO    : successful application of /Users/pstaab/.ptx/2.14.0/core/xsl/utilities/report-publisher-variables.xsl
INFO    : converting /Users/pstaab/Documents/courses/math4400/linear-optimization-book/source/main.ptx to HTML in /var/folders/f1/91842b0j29ncg7q803d3lvbr0000gp/T/ptx-ltptxtvd
INFO    : XSL conversion of /Users/pstaab/Documents/courses/math4400/linear-optimization-book/source/main.ptx by /Users/pstaab/.ptx/2.14.0/core/xsl/pretext-html.xsl
INFO    : messages from the log for XSL processing:
INFO    : * PTX:INFO:   checking ONLY the last TWO YEARS of element deprecations.
Rerun with the string parameter "author.deprecations.all" set to "yes" to check your source against all deprecations.
ERROR   : * PTX:ERROR:   a cross-reference ("xref") uses references [eq-didt-LOP1] that do not point to any target, or perhaps point to multiple targets.  Maybe you typed an @xml:id value wrong, maybe the target of the @xml:id is nonexistent, or maybe you temporarily removed the target from your source, or maybe an auxiliary file contains a duplicate.  Your output will contain some placeholder text that you will not want to distribute to your readers.
INFO    : *              located within: "sect-develop-simplex" (xml:id), "Developing the Simplex Method" (title)
INFO    : successful application of /Users/pstaab/.ptx/2.14.0/core/xsl/pretext-html.xsl
INFO    : Removing temporary directory /var/folders/f1/91842b0j29ncg7q803d3lvbr0000gp/T/ptx-ltptxtvd
INFO    : Removing temporary directory /var/folders/f1/91842b0j29ncg7q803d3lvbr0000gp/T/ptx-flsdlmpx
INFO    : 
Success! Run `pretext view` to see the results.

INFO    : 
----------------------------------------------------
INFO    : While running pretext, the following errors occurred:

INFO    : (see log messages above or in the 'logs' folder for more information)
INFO    : ----------------------------------------------------
