INFO    : Since no target was supplied, we will use "web".

INFO    : Building target web
INFO    : Generating any needed assets.
INFO    : converting latex-image pictures from /Users/pstaab/Documents/courses/math4400/linear-optimization-book/source/main.ptx to svg graphics for placement in /Users/pstaab/Documents/courses/math4400/linear-optimization-book/generated-assets/latex-image
INFO    : extracting latex-image pictures from /Users/pstaab/Documents/courses/math4400/linear-optimization-book/source/main.ptx
INFO    : string parameters passed to extraction stylesheet: {'publisher': '/Users/pstaab/Documents/courses/math4400/linear-optimization-book/publication/publication.ptx'}
INFO    : discovering source file's directory name: /Users/pstaab/Documents/courses/math4400/linear-optimization-book/source
INFO    : verifying and expanding input directory: /Users/pstaab/Documents/courses/math4400/linear-optimization-book/source/../generated-assets
INFO    : input directory expanded to absolute path: /Users/pstaab/Documents/courses/math4400/linear-optimization-book/generated-assets
INFO    : verifying and expanding input directory: /Users/pstaab/Documents/courses/math4400/linear-optimization-book/source/../assets
INFO    : input directory expanded to absolute path: /Users/pstaab/Documents/courses/math4400/linear-optimization-book/assets
INFO    : XSL conversion of /Users/pstaab/Documents/courses/math4400/linear-optimization-book/source/main.ptx by /Users/pstaab/.ptx/2.14.0/core/xsl/extract-latex-image.xsl
INFO    : messages from the log for XSL processing:
INFO    : * PTX:INFO:   checking ONLY the last TWO YEARS of element deprecations.
Rerun with the string parameter "author.deprecations.all" set to "yes" to check your source against all deprecations.
INFO    : successful application of /Users/pstaab/.ptx/2.14.0/core/xsl/extract-latex-image.xsl
INFO    : converting streets.tex to streets.pdf
ERROR   : LaTeX compilation of streets.tex failed.
Re-run, requesting "source" as the format, to analyze the image.
Likely creating the entire document as PDF will fail similarly.
The transcript of the LaTeX run follows.
WARNING : LaTeX compilation of streets.tex failed
ERROR   : Unable to generate some latex-image assets:
 LaTeX compilation failed for 1 "latex-image"(s).
Review the log for error messages, and LaTeX transcripts.
Images are:
  streets.tex
INFO    : Removing temporary directory /var/folders/f1/91842b0j29ncg7q803d3lvbr0000gp/T/ptx-lngre8rv
INFO    : Finished generating assets.

INFO    : Preparing to build into /Users/pstaab/Documents/courses/math4400/linear-optimization-book/output/web.
INFO    : discovering source file's directory name: /Users/pstaab/Documents/courses/math4400/linear-optimization-book/source
INFO    : verifying and expanding input directory: /Users/pstaab/Documents/courses/math4400/linear-optimization-book/source/../generated-assets
INFO    : input directory expanded to absolute path: /Users/pstaab/Documents/courses/math4400/linear-optimization-book/generated-assets
INFO    : verifying and expanding input directory: /Users/pstaab/Documents/courses/math4400/linear-optimization-book/source/../assets
INFO    : input directory expanded to absolute path: /Users/pstaab/Documents/courses/math4400/linear-optimization-book/assets
INFO    : Downloading rs services file from https://runestone.academy/cdn/runestone/latest/webpack_static_imports.xml.
INFO    : Runestone Services via online CDN query: version 7.5.10
INFO    : Downloading Runestone Services, version 7.5.10
INFO    : Extracting Runestone Services from archive file
INFO    : XSL conversion of /Users/pstaab/Documents/courses/math4400/linear-optimization-book/source/main.ptx by /Users/pstaab/.ptx/2.14.0/core/xsl/utilities/report-publisher-variables.xsl
INFO    : successful application of /Users/pstaab/.ptx/2.14.0/core/xsl/utilities/report-publisher-variables.xsl
INFO    : converting /Users/pstaab/Documents/courses/math4400/linear-optimization-book/source/main.ptx to HTML in /var/folders/f1/91842b0j29ncg7q803d3lvbr0000gp/T/ptx-lrez28_w
INFO    : XSL conversion of /Users/pstaab/Documents/courses/math4400/linear-optimization-book/source/main.ptx by /Users/pstaab/.ptx/2.14.0/core/xsl/pretext-html.xsl
INFO    : messages from the log for XSL processing:
INFO    : * PTX:INFO:   checking ONLY the last TWO YEARS of element deprecations.
Rerun with the string parameter "author.deprecations.all" set to "yes" to check your source against all deprecations.
INFO    : successful application of /Users/pstaab/.ptx/2.14.0/core/xsl/pretext-html.xsl
INFO    : Removing temporary directory /var/folders/f1/91842b0j29ncg7q803d3lvbr0000gp/T/ptx-lrez28_w
INFO    : Removing temporary directory /var/folders/f1/91842b0j29ncg7q803d3lvbr0000gp/T/ptx-hnx9pn1e
INFO    : 
Success! Run `pretext view` to see the results.

INFO    : 
----------------------------------------------------
INFO    : While running pretext, the following errors occurred:

INFO    : (see log messages above or in the 'logs' folder for more information)
INFO    : ----------------------------------------------------
