INFO    : Since no target was supplied, we will use "web".

INFO    : Building target web
INFO    : Generating any needed assets.
INFO    : Finished generating assets.

INFO    : Preparing to build into /Users/pstaab/Documents/courses/math4400/linear-optimization-book/output/web.
INFO    : discovering source file's directory name: /Users/pstaab/Documents/courses/math4400/linear-optimization-book/source
INFO    : verifying and expanding input directory: /Users/pstaab/Documents/courses/math4400/linear-optimization-book/source/../generated-assets
INFO    : input directory expanded to absolute path: /Users/pstaab/Documents/courses/math4400/linear-optimization-book/generated-assets
INFO    : verifying and expanding input directory: /Users/pstaab/Documents/courses/math4400/linear-optimization-book/source/../assets
INFO    : input directory expanded to absolute path: /Users/pstaab/Documents/courses/math4400/linear-optimization-book/assets
INFO    : Downloading rs services file from https://runestone.academy/cdn/runestone/latest/webpack_static_imports.xml.
INFO    : Runestone Services via online CDN query: version 7.5.10
INFO    : Downloading Runestone Services, version 7.5.10
INFO    : Extracting Runestone Services from archive file
INFO    : XSL conversion of /Users/pstaab/Documents/courses/math4400/linear-optimization-book/source/main.ptx by /Users/pstaab/.ptx/2.14.0/core/xsl/utilities/report-publisher-variables.xsl
INFO    : messages from the log for XSL processing:
ERROR   : * PTX:ERROR: the @xml:id value "sect-matrices" should be unique, but is authored multiple times.
INFO    : *            Results will be unpredictable, and likely incorrect.  Information on the locations follows:
INFO    : successful application of /Users/pstaab/.ptx/2.14.0/core/xsl/utilities/report-publisher-variables.xsl
INFO    : converting /Users/pstaab/Documents/courses/math4400/linear-optimization-book/source/main.ptx to HTML in /var/folders/f1/91842b0j29ncg7q803d3lvbr0000gp/T/ptx-7c8v9g25
INFO    : XSL conversion of /Users/pstaab/Documents/courses/math4400/linear-optimization-book/source/main.ptx by /Users/pstaab/.ptx/2.14.0/core/xsl/pretext-html.xsl
INFO    : messages from the log for XSL processing:
ERROR   : * PTX:ERROR: the @xml:id value "sect-matrices" should be unique, but is authored multiple times.
INFO    : *            Results will be unpredictable, and likely incorrect.  Information on the locations follows:
INFO    : *              located within: "sect-matrices" (xml:id), "Matrices" (title)
INFO    : *              located within: "sect-matrices" (xml:id), "Matrices" (title)
INFO    : * PTX:INFO:   checking ONLY the last TWO YEARS of element deprecations.
Rerun with the string parameter "author.deprecations.all" set to "yes" to check your source against all deprecations.
INFO    : successful application of /Users/pstaab/.ptx/2.14.0/core/xsl/pretext-html.xsl
WARNING : Failed to map codechat path to xml id; codechat will not work.
INFO    : Removing temporary directory /var/folders/f1/91842b0j29ncg7q803d3lvbr0000gp/T/ptx-7c8v9g25
INFO    : Removing temporary directory /var/folders/f1/91842b0j29ncg7q803d3lvbr0000gp/T/ptx-86t25t99
INFO    : 
Success! Run `pretext view` to see the results.

INFO    : 
----------------------------------------------------
INFO    : While running pretext, the following errors occurred:

INFO    : (see log messages above or in the 'logs' folder for more information)
INFO    : ----------------------------------------------------
